[0.615s] Invoking command in '/home/sjk/DISSERTATION/build/nao_description': DEBUGINFOD_URLS=https://debuginfod.ubuntu.com /usr/bin/cmake /home/sjk/DISSERTATION/robot_dataset/humanoids/nao_robot/nao_description -DCATKIN_INSTALL_INTO_PREFIX_ROOT=0 -DCMAKE_INSTALL_PREFIX=/home/sjk/DISSERTATION/install/nao_description
[0.678s] [0mCMake Deprecation Warning at CMakeLists.txt:1 (cmake_minimum_required):
[0.679s]   Compatibility with CMake < 3.5 will be removed from a future version of
[0.679s]   CMake.
[0.679s] 
[0.679s]   Update the VERSION argument <min> value or use a ...<max> suffix to tell
[0.679s]   CMake that the project does not need compatibility with older versions.
[0.680s] 
[0.680s] [0m
[0.777s] -- The C compiler identification is GNU 13.3.0
[1.069s] -- The CXX compiler identification is GNU 13.3.0
[1.160s] -- Detecting C compiler ABI info
[1.576s] -- Detecting C compiler ABI info - done
[1.652s] -- Check for working C compiler: /usr/bin/cc - skipped
[1.656s] -- Detecting C compile features
[1.658s] -- Detecting C compile features - done
[1.704s] -- Detecting CXX compiler ABI info
[2.055s] -- Detecting CXX compiler ABI info - done
[2.122s] -- Check for working CXX compiler: /usr/bin/c++ - skipped
[2.123s] -- Detecting CXX compile features
[2.132s] -- Detecting CXX compile features - done
[2.160s] -- Configuring incomplete, errors occurred!
[2.160s] [31mCMake Error at CMakeLists.txt:5 (find_package):
[2.161s]   By not providing "Findcatkin.cmake" in CMAKE_MODULE_PATH this project has
[2.161s]   asked CMake to find a package configuration file provided by "catkin", but
[2.161s]   CMake did not find one.
[2.161s] 
[2.162s]   Could not find a package configuration file provided by "catkin" with any
[2.162s]   of the following names:
[2.162s] 
[2.162s]     catkinConfig.cmake
[2.162s]     catkin-config.cmake
[2.163s] 
[2.163s]   Add the installation prefix of "catkin" to CMAKE_PREFIX_PATH or set
[2.163s]   "catkin_DIR" to a directory containing one of the above files.  If "catkin"
[2.163s]   provides a separate development package or SDK, be sure it has been
[2.164s]   installed.
[2.164s] 
[2.164s] [0m
