-- The C compiler identification is GNU 13.3.0
-- The CXX compiler identification is GNU 13.3.0
-- Detecting C compiler ABI info
-- Detecting C compiler ABI info - done
-- Check for working C compiler: /usr/bin/cc - skipped
-- Detecting C compile features
-- Detecting C compile features - done
-- Detecting CXX compiler ABI info
-- Detecting CXX compiler ABI info - done
-- Check for working CXX compiler: /usr/bin/c++ - skipped
-- Detecting CXX compile features
-- Detecting CXX compile features - done
-- Found ament_cmake: 2.5.6 (/opt/ros/jazzy/share/ament_cmake/cmake)
-- Found Python3: /usr/bin/python3 (found version "3.12.3") found components: Interpreter 
-- Override CMake install command with custom implementation using symlinks instead of copying resources
[31mCMake Error at CMakeLists.txt:10 (find_package):
  By not providing "Findclearpath_platform_msgs.cmake" in CMAKE_MODULE_PATH
  this project has asked CMake to find a package configuration file provided
  by "clearpath_platform_msgs", but CMake did not find one.

  Could not find a package configuration file provided by
  "clearpath_platform_msgs" with any of the following names:

    clearpath_platform_msgsConfig.cmake
    clearpath_platform_msgs-config.cmake

  Add the installation prefix of "clearpath_platform_msgs" to
  CMAKE_PREFIX_PATH or set "clearpath_platform_msgs_DIR" to a directory
  containing one of the above files.  If "clearpath_platform_msgs" provides a
  separate development package or SDK, be sure it has been installed.

[0m
-- Configuring incomplete, errors occurred!
