[0.278s] Invoking command in '/home/sjk/DISSERTATION/ROS2_WS/build/clearpath_diagnostics': CMAKE_PREFIX_PATH=${CMAKE_PREFIX_PATH}:/opt/ros/jazzy DEBUGINFOD_URLS=https://debuginfod.ubuntu.com /usr/bin/cmake /home/sjk/DISSERTATION/ROS2_WS/src/mobile/clearpath_common/clearpath_diagnostics -DAMENT_CMAKE_SYMLINK_INSTALL=1 -DCMAKE_INSTALL_PREFIX=/home/sjk/DISSERTATION/ROS2_WS/install/clearpath_diagnostics
[0.358s] -- The C compiler identification is GNU 13.3.0
[0.451s] -- The CXX compiler identification is GNU 13.3.0
[0.478s] -- Detecting C compiler ABI info
[0.605s] -- Detecting C compiler ABI info - done
[0.626s] -- Check for working C compiler: /usr/bin/cc - skipped
[0.626s] -- Detecting C compile features
[0.627s] -- Detecting C compile features - done
[0.644s] -- Detecting CXX compiler ABI info
[0.837s] -- Detecting CXX compiler ABI info - done
[0.859s] -- Check for working CXX compiler: /usr/bin/c++ - skipped
[0.862s] -- Detecting CXX compile features
[0.862s] -- Detecting CXX compile features - done
[0.867s] -- Found ament_cmake: 2.5.6 (/opt/ros/jazzy/share/ament_cmake/cmake)
[1.188s] -- Found Python3: /usr/bin/python3 (found version "3.12.3") found components: Interpreter 
[1.383s] -- Override CMake install command with custom implementation using symlinks instead of copying resources
[1.459s] [31mCMake Error at CMakeLists.txt:10 (find_package):
[1.460s]   By not providing "Findclearpath_platform_msgs.cmake" in CMAKE_MODULE_PATH
[1.460s]   this project has asked CMake to find a package configuration file provided
[1.460s]   by "clearpath_platform_msgs", but CMake did not find one.
[1.460s] 
[1.461s]   Could not find a package configuration file provided by
[1.461s]   "clearpath_platform_msgs" with any of the following names:
[1.461s] 
[1.461s]     clearpath_platform_msgsConfig.cmake
[1.461s]     clearpath_platform_msgs-config.cmake
[1.462s] 
[1.462s]   Add the installation prefix of "clearpath_platform_msgs" to
[1.462s]   CMAKE_PREFIX_PATH or set "clearpath_platform_msgs_DIR" to a directory
[1.462s]   containing one of the above files.  If "clearpath_platform_msgs" provides a
[1.463s]   separate development package or SDK, be sure it has been installed.
[1.463s] 
[1.463s] [0m
[1.463s] -- Configuring incomplete, errors occurred!
