[0.626s] Invoking command in '/home/sjk/DISSERTATION/build/tiago_description': CMAKE_PREFIX_PATH=${CMAKE_PREFIX_PATH}:/opt/ros/jazzy DEBUGINFOD_URLS=https://debuginfod.ubuntu.com /usr/bin/cmake /home/sjk/DISSERTATION/robot_dataset/mobile_manipulators/tiago_robot/tiago_description -DCMAKE_INSTALL_PREFIX=/home/sjk/DISSERTATION/install/tiago_description
[1.968s] -- The C compiler identification is GNU 13.3.0
[1.968s] -- The CXX compiler identification is GNU 13.3.0
[1.968s] -- Detecting C compiler ABI info
[1.969s] -- Detecting C compiler ABI info - done
[1.969s] -- Check for working C compiler: /usr/bin/cc - skipped
[1.969s] -- Detecting C compile features
[1.969s] -- Detecting C compile features - done
[1.969s] -- Detecting CXX compiler ABI info
[1.970s] -- Detecting CXX compiler ABI info - done
[2.005s] -- Check for working CXX compiler: /usr/bin/c++ - skipped
[2.006s] -- Detecting CXX compile features
[2.010s] -- Detecting CXX compile features - done
[2.019s] -- Found ament_cmake_auto: 2.5.6 (/opt/ros/jazzy/share/ament_cmake_auto/cmake)
[2.502s] -- Found Python3: /usr/bin/python3 (found version "3.12.3") found components: Interpreter 
[3.064s] -- Found ament_lint_auto: 0.17.5 (/opt/ros/jazzy/share/ament_lint_auto/cmake)
[3.108s] -- Found python_cmake_module: 0.11.1 (/opt/ros/jazzy/share/python_cmake_module/cmake)
[3.415s] -- Found PythonExtra: /usr/bin/python3  
[4.202s] -- Added test 'copyright' to check source files copyright and LICENSE
[4.228s] -- Added test 'flake8' to check Python code syntax and style conventions
[4.228s] -- Configured 'flake8' exclude dirs and/or files: 
[4.232s] -- Added test 'lint_cmake' to check CMake code style
[4.235s] -- Added test 'pep257' to check Python code against some of the docstring style conventions in PEP 257
[4.248s] -- Added test 'xmllint' to check XML markup files
[4.251s] -- Configuring done (3.6s)
[4.260s] -- Generating done (0.0s)
[4.265s] -- Build files have been written to: /home/sjk/DISSERTATION/build/tiago_description
