[0.093s] DEBUG:colcon:Command line arguments: ['/usr/bin/colcon', 'build', '--symlink-install']
[0.093s] DEBUG:colcon:Parsed command line arguments: Namespace(log_base=None, log_level=None, verb_name='build', build_base='build', install_base='install', merge_install=False, symlink_install=True, test_result_base=None, continue_on_error=False, executor='parallel', parallel_workers=14, event_handlers=None, ignore_user_meta=False, metas=['./colcon.meta'], base_paths=['.'], packages_ignore=None, packages_ignore_regex=None, paths=None, packages_up_to=None, packages_up_to_regex=None, packages_above=None, packages_above_and_dependencies=None, packages_above_depth=None, packages_select_by_dep=None, packages_skip_by_dep=None, packages_skip_up_to=None, packages_select_build_failed=False, packages_skip_build_finished=False, packages_select_test_failures=False, packages_skip_test_passed=False, packages_select=None, packages_skip=None, packages_select_regex=None, packages_skip_regex=None, packages_start=None, packages_end=None, allow_overriding=[], cmake_args=None, cmake_target=None, cmake_target_skip_unavailable=False, cmake_clean_cache=False, cmake_clean_first=False, cmake_force_configure=False, ament_cmake_args=None, catkin_cmake_args=None, catkin_skip_building_tests=False, mixin_files=None, mixin=None, verb_parser=<colcon_mixin.mixin.mixin_argument.MixinArgumentDecorator object at 0x7f7bb11ac860>, verb_extension=<colcon_core.verb.build.BuildVerb object at 0x7f7bb11ac3b0>, main=<bound method BuildVerb.main of <colcon_core.verb.build.BuildVerb object at 0x7f7bb11ac3b0>>, mixin_verb=('build',))
[0.127s] Level 1:colcon.colcon_core.package_discovery:discover_packages(colcon_meta) check parameters
[0.128s] Level 1:colcon.colcon_core.package_discovery:discover_packages(recursive) check parameters
[0.128s] Level 1:colcon.colcon_core.package_discovery:discover_packages(ignore) check parameters
[0.128s] Level 1:colcon.colcon_core.package_discovery:discover_packages(path) check parameters
[0.128s] Level 1:colcon.colcon_core.package_discovery:discover_packages(colcon_meta) discover
[0.128s] Level 1:colcon.colcon_core.package_discovery:discover_packages(recursive) discover
[0.128s] INFO:colcon.colcon_core.package_discovery:Crawling recursively for packages in '/home/sjk/DISSERTATION/ROS2_WS'
[0.128s] Level 1:colcon.colcon_core.package_identification:_identify(.) by extensions ['ignore', 'ignore_ament_install']
[0.128s] Level 1:colcon.colcon_core.package_identification:_identify(.) by extension 'ignore'
[0.128s] Level 1:colcon.colcon_core.package_identification:_identify(.) by extension 'ignore_ament_install'
[0.128s] Level 1:colcon.colcon_core.package_identification:_identify(.) by extensions ['colcon_pkg']
[0.128s] Level 1:colcon.colcon_core.package_identification:_identify(.) by extension 'colcon_pkg'
[0.128s] Level 1:colcon.colcon_core.package_identification:_identify(.) by extensions ['colcon_meta']
[0.128s] Level 1:colcon.colcon_core.package_identification:_identify(.) by extension 'colcon_meta'
[0.128s] Level 1:colcon.colcon_core.package_identification:_identify(.) by extensions ['ros']
[0.128s] Level 1:colcon.colcon_core.package_identification:_identify(.) by extension 'ros'
[0.152s] Level 1:colcon.colcon_core.package_identification:_identify(.) by extensions ['cmake', 'python']
[0.152s] Level 1:colcon.colcon_core.package_identification:_identify(.) by extension 'cmake'
[0.152s] Level 1:colcon.colcon_core.package_identification:_identify(.) by extension 'python'
[0.152s] Level 1:colcon.colcon_core.package_identification:_identify(.) by extensions ['python_setup_py']
[0.152s] Level 1:colcon.colcon_core.package_identification:_identify(.) by extension 'python_setup_py'
[0.152s] Level 1:colcon.colcon_core.package_identification:_identify(build) by extensions ['ignore', 'ignore_ament_install']
[0.152s] Level 1:colcon.colcon_core.package_identification:_identify(build) by extension 'ignore'
[0.152s] Level 1:colcon.colcon_core.package_identification:_identify(build) ignored
[0.152s] Level 1:colcon.colcon_core.package_identification:_identify(install) by extensions ['ignore', 'ignore_ament_install']
[0.152s] Level 1:colcon.colcon_core.package_identification:_identify(install) by extension 'ignore'
[0.152s] Level 1:colcon.colcon_core.package_identification:_identify(install) ignored
[0.152s] Level 1:colcon.colcon_core.package_identification:_identify(log) by extensions ['ignore', 'ignore_ament_install']
[0.153s] Level 1:colcon.colcon_core.package_identification:_identify(log) by extension 'ignore'
[0.153s] Level 1:colcon.colcon_core.package_identification:_identify(log) ignored
[0.153s] Level 1:colcon.colcon_core.package_identification:_identify(src) by extensions ['ignore', 'ignore_ament_install']
[0.153s] Level 1:colcon.colcon_core.package_identification:_identify(src) by extension 'ignore'
[0.153s] Level 1:colcon.colcon_core.package_identification:_identify(src) by extension 'ignore_ament_install'
[0.153s] Level 1:colcon.colcon_core.package_identification:_identify(src) by extensions ['colcon_pkg']
[0.153s] Level 1:colcon.colcon_core.package_identification:_identify(src) by extension 'colcon_pkg'
[0.153s] Level 1:colcon.colcon_core.package_identification:_identify(src) by extensions ['colcon_meta']
[0.153s] Level 1:colcon.colcon_core.package_identification:_identify(src) by extension 'colcon_meta'
[0.153s] Level 1:colcon.colcon_core.package_identification:_identify(src) by extensions ['ros']
[0.153s] Level 1:colcon.colcon_core.package_identification:_identify(src) by extension 'ros'
[0.153s] Level 1:colcon.colcon_core.package_identification:_identify(src) by extensions ['cmake', 'python']
[0.153s] Level 1:colcon.colcon_core.package_identification:_identify(src) by extension 'cmake'
[0.153s] Level 1:colcon.colcon_core.package_identification:_identify(src) by extension 'python'
[0.153s] Level 1:colcon.colcon_core.package_identification:_identify(src) by extensions ['python_setup_py']
[0.153s] Level 1:colcon.colcon_core.package_identification:_identify(src) by extension 'python_setup_py'
[0.153s] Level 1:colcon.colcon_core.package_identification:_identify(src/mobile) by extensions ['ignore', 'ignore_ament_install']
[0.153s] Level 1:colcon.colcon_core.package_identification:_identify(src/mobile) by extension 'ignore'
[0.153s] Level 1:colcon.colcon_core.package_identification:_identify(src/mobile) by extension 'ignore_ament_install'
[0.153s] Level 1:colcon.colcon_core.package_identification:_identify(src/mobile) by extensions ['colcon_pkg']
[0.153s] Level 1:colcon.colcon_core.package_identification:_identify(src/mobile) by extension 'colcon_pkg'
[0.153s] Level 1:colcon.colcon_core.package_identification:_identify(src/mobile) by extensions ['colcon_meta']
[0.153s] Level 1:colcon.colcon_core.package_identification:_identify(src/mobile) by extension 'colcon_meta'
[0.153s] Level 1:colcon.colcon_core.package_identification:_identify(src/mobile) by extensions ['ros']
[0.153s] Level 1:colcon.colcon_core.package_identification:_identify(src/mobile) by extension 'ros'
[0.154s] Level 1:colcon.colcon_core.package_identification:_identify(src/mobile) by extensions ['cmake', 'python']
[0.154s] Level 1:colcon.colcon_core.package_identification:_identify(src/mobile) by extension 'cmake'
[0.154s] Level 1:colcon.colcon_core.package_identification:_identify(src/mobile) by extension 'python'
[0.154s] Level 1:colcon.colcon_core.package_identification:_identify(src/mobile) by extensions ['python_setup_py']
[0.154s] Level 1:colcon.colcon_core.package_identification:_identify(src/mobile) by extension 'python_setup_py'
[0.154s] Level 1:colcon.colcon_core.package_identification:_identify(src/mobile/clearpath_common) by extensions ['ignore', 'ignore_ament_install']
[0.154s] Level 1:colcon.colcon_core.package_identification:_identify(src/mobile/clearpath_common) by extension 'ignore'
[0.154s] Level 1:colcon.colcon_core.package_identification:_identify(src/mobile/clearpath_common) by extension 'ignore_ament_install'
[0.154s] Level 1:colcon.colcon_core.package_identification:_identify(src/mobile/clearpath_common) by extensions ['colcon_pkg']
[0.154s] Level 1:colcon.colcon_core.package_identification:_identify(src/mobile/clearpath_common) by extension 'colcon_pkg'
[0.154s] Level 1:colcon.colcon_core.package_identification:_identify(src/mobile/clearpath_common) by extensions ['colcon_meta']
[0.154s] Level 1:colcon.colcon_core.package_identification:_identify(src/mobile/clearpath_common) by extension 'colcon_meta'
[0.154s] Level 1:colcon.colcon_core.package_identification:_identify(src/mobile/clearpath_common) by extensions ['ros']
[0.154s] Level 1:colcon.colcon_core.package_identification:_identify(src/mobile/clearpath_common) by extension 'ros'
[0.154s] Level 1:colcon.colcon_core.package_identification:_identify(src/mobile/clearpath_common) by extensions ['cmake', 'python']
[0.154s] Level 1:colcon.colcon_core.package_identification:_identify(src/mobile/clearpath_common) by extension 'cmake'
[0.154s] Level 1:colcon.colcon_core.package_identification:_identify(src/mobile/clearpath_common) by extension 'python'
[0.154s] Level 1:colcon.colcon_core.package_identification:_identify(src/mobile/clearpath_common) by extensions ['python_setup_py']
[0.154s] Level 1:colcon.colcon_core.package_identification:_identify(src/mobile/clearpath_common) by extension 'python_setup_py'
[0.154s] Level 1:colcon.colcon_core.package_identification:_identify(src/mobile/clearpath_common/clearpath_bt_joy) by extensions ['ignore', 'ignore_ament_install']
[0.154s] Level 1:colcon.colcon_core.package_identification:_identify(src/mobile/clearpath_common/clearpath_bt_joy) by extension 'ignore'
[0.154s] Level 1:colcon.colcon_core.package_identification:_identify(src/mobile/clearpath_common/clearpath_bt_joy) by extension 'ignore_ament_install'
[0.154s] Level 1:colcon.colcon_core.package_identification:_identify(src/mobile/clearpath_common/clearpath_bt_joy) by extensions ['colcon_pkg']
[0.154s] Level 1:colcon.colcon_core.package_identification:_identify(src/mobile/clearpath_common/clearpath_bt_joy) by extension 'colcon_pkg'
[0.154s] Level 1:colcon.colcon_core.package_identification:_identify(src/mobile/clearpath_common/clearpath_bt_joy) by extensions ['colcon_meta']
[0.155s] Level 1:colcon.colcon_core.package_identification:_identify(src/mobile/clearpath_common/clearpath_bt_joy) by extension 'colcon_meta'
[0.155s] Level 1:colcon.colcon_core.package_identification:_identify(src/mobile/clearpath_common/clearpath_bt_joy) by extensions ['ros']
[0.155s] Level 1:colcon.colcon_core.package_identification:_identify(src/mobile/clearpath_common/clearpath_bt_joy) by extension 'ros'
[0.157s] DEBUG:colcon.colcon_core.package_identification:Package 'src/mobile/clearpath_common/clearpath_bt_joy' with type 'ros.ament_python' and name 'clearpath_bt_joy'
[0.157s] Level 1:colcon.colcon_core.package_identification:_identify(src/mobile/clearpath_common/clearpath_common) by extensions ['ignore', 'ignore_ament_install']
[0.157s] Level 1:colcon.colcon_core.package_identification:_identify(src/mobile/clearpath_common/clearpath_common) by extension 'ignore'
[0.157s] Level 1:colcon.colcon_core.package_identification:_identify(src/mobile/clearpath_common/clearpath_common) by extension 'ignore_ament_install'
[0.157s] Level 1:colcon.colcon_core.package_identification:_identify(src/mobile/clearpath_common/clearpath_common) by extensions ['colcon_pkg']
[0.157s] Level 1:colcon.colcon_core.package_identification:_identify(src/mobile/clearpath_common/clearpath_common) by extension 'colcon_pkg'
[0.157s] Level 1:colcon.colcon_core.package_identification:_identify(src/mobile/clearpath_common/clearpath_common) by extensions ['colcon_meta']
[0.157s] Level 1:colcon.colcon_core.package_identification:_identify(src/mobile/clearpath_common/clearpath_common) by extension 'colcon_meta'
[0.157s] Level 1:colcon.colcon_core.package_identification:_identify(src/mobile/clearpath_common/clearpath_common) by extensions ['ros']
[0.157s] Level 1:colcon.colcon_core.package_identification:_identify(src/mobile/clearpath_common/clearpath_common) by extension 'ros'
[0.158s] DEBUG:colcon.colcon_core.package_identification:Package 'src/mobile/clearpath_common/clearpath_common' with type 'ros.ament_cmake' and name 'clearpath_common'
[0.158s] Level 1:colcon.colcon_core.package_identification:_identify(src/mobile/clearpath_common/clearpath_control) by extensions ['ignore', 'ignore_ament_install']
[0.158s] Level 1:colcon.colcon_core.package_identification:_identify(src/mobile/clearpath_common/clearpath_control) by extension 'ignore'
[0.158s] Level 1:colcon.colcon_core.package_identification:_identify(src/mobile/clearpath_common/clearpath_control) by extension 'ignore_ament_install'
[0.158s] Level 1:colcon.colcon_core.package_identification:_identify(src/mobile/clearpath_common/clearpath_control) by extensions ['colcon_pkg']
[0.158s] Level 1:colcon.colcon_core.package_identification:_identify(src/mobile/clearpath_common/clearpath_control) by extension 'colcon_pkg'
[0.158s] Level 1:colcon.colcon_core.package_identification:_identify(src/mobile/clearpath_common/clearpath_control) by extensions ['colcon_meta']
[0.158s] Level 1:colcon.colcon_core.package_identification:_identify(src/mobile/clearpath_common/clearpath_control) by extension 'colcon_meta'
[0.158s] Level 1:colcon.colcon_core.package_identification:_identify(src/mobile/clearpath_common/clearpath_control) by extensions ['ros']
[0.158s] Level 1:colcon.colcon_core.package_identification:_identify(src/mobile/clearpath_common/clearpath_control) by extension 'ros'
[0.159s] DEBUG:colcon.colcon_core.package_identification:Package 'src/mobile/clearpath_common/clearpath_control' with type 'ros.ament_cmake' and name 'clearpath_control'
[0.159s] Level 1:colcon.colcon_core.package_identification:_identify(src/mobile/clearpath_common/clearpath_customization) by extensions ['ignore', 'ignore_ament_install']
[0.159s] Level 1:colcon.colcon_core.package_identification:_identify(src/mobile/clearpath_common/clearpath_customization) by extension 'ignore'
[0.159s] Level 1:colcon.colcon_core.package_identification:_identify(src/mobile/clearpath_common/clearpath_customization) by extension 'ignore_ament_install'
[0.159s] Level 1:colcon.colcon_core.package_identification:_identify(src/mobile/clearpath_common/clearpath_customization) by extensions ['colcon_pkg']
[0.159s] Level 1:colcon.colcon_core.package_identification:_identify(src/mobile/clearpath_common/clearpath_customization) by extension 'colcon_pkg'
[0.159s] Level 1:colcon.colcon_core.package_identification:_identify(src/mobile/clearpath_common/clearpath_customization) by extensions ['colcon_meta']
[0.159s] Level 1:colcon.colcon_core.package_identification:_identify(src/mobile/clearpath_common/clearpath_customization) by extension 'colcon_meta'
[0.159s] Level 1:colcon.colcon_core.package_identification:_identify(src/mobile/clearpath_common/clearpath_customization) by extensions ['ros']
[0.159s] Level 1:colcon.colcon_core.package_identification:_identify(src/mobile/clearpath_common/clearpath_customization) by extension 'ros'
[0.159s] DEBUG:colcon.colcon_core.package_identification:Package 'src/mobile/clearpath_common/clearpath_customization' with type 'ros.ament_cmake' and name 'clearpath_customization'
[0.159s] Level 1:colcon.colcon_core.package_identification:_identify(src/mobile/clearpath_common/clearpath_description) by extensions ['ignore', 'ignore_ament_install']
[0.160s] Level 1:colcon.colcon_core.package_identification:_identify(src/mobile/clearpath_common/clearpath_description) by extension 'ignore'
[0.160s] Level 1:colcon.colcon_core.package_identification:_identify(src/mobile/clearpath_common/clearpath_description) by extension 'ignore_ament_install'
[0.160s] Level 1:colcon.colcon_core.package_identification:_identify(src/mobile/clearpath_common/clearpath_description) by extensions ['colcon_pkg']
[0.160s] Level 1:colcon.colcon_core.package_identification:_identify(src/mobile/clearpath_common/clearpath_description) by extension 'colcon_pkg'
[0.160s] Level 1:colcon.colcon_core.package_identification:_identify(src/mobile/clearpath_common/clearpath_description) by extensions ['colcon_meta']
[0.160s] Level 1:colcon.colcon_core.package_identification:_identify(src/mobile/clearpath_common/clearpath_description) by extension 'colcon_meta'
[0.160s] Level 1:colcon.colcon_core.package_identification:_identify(src/mobile/clearpath_common/clearpath_description) by extensions ['ros']
[0.160s] Level 1:colcon.colcon_core.package_identification:_identify(src/mobile/clearpath_common/clearpath_description) by extension 'ros'
[0.160s] DEBUG:colcon.colcon_core.package_identification:Package 'src/mobile/clearpath_common/clearpath_description' with type 'ros.ament_cmake' and name 'clearpath_description'
[0.160s] Level 1:colcon.colcon_core.package_identification:_identify(src/mobile/clearpath_common/clearpath_diagnostics) by extensions ['ignore', 'ignore_ament_install']
[0.160s] Level 1:colcon.colcon_core.package_identification:_identify(src/mobile/clearpath_common/clearpath_diagnostics) by extension 'ignore'
[0.160s] Level 1:colcon.colcon_core.package_identification:_identify(src/mobile/clearpath_common/clearpath_diagnostics) by extension 'ignore_ament_install'
[0.160s] Level 1:colcon.colcon_core.package_identification:_identify(src/mobile/clearpath_common/clearpath_diagnostics) by extensions ['colcon_pkg']
[0.160s] Level 1:colcon.colcon_core.package_identification:_identify(src/mobile/clearpath_common/clearpath_diagnostics) by extension 'colcon_pkg'
[0.160s] Level 1:colcon.colcon_core.package_identification:_identify(src/mobile/clearpath_common/clearpath_diagnostics) by extensions ['colcon_meta']
[0.161s] Level 1:colcon.colcon_core.package_identification:_identify(src/mobile/clearpath_common/clearpath_diagnostics) by extension 'colcon_meta'
[0.161s] Level 1:colcon.colcon_core.package_identification:_identify(src/mobile/clearpath_common/clearpath_diagnostics) by extensions ['ros']
[0.161s] Level 1:colcon.colcon_core.package_identification:_identify(src/mobile/clearpath_common/clearpath_diagnostics) by extension 'ros'
[0.161s] DEBUG:colcon.colcon_core.package_identification:Package 'src/mobile/clearpath_common/clearpath_diagnostics' with type 'ros.ament_cmake' and name 'clearpath_diagnostics'
[0.161s] Level 1:colcon.colcon_core.package_identification:_identify(src/mobile/clearpath_common/clearpath_generator_common) by extensions ['ignore', 'ignore_ament_install']
[0.161s] Level 1:colcon.colcon_core.package_identification:_identify(src/mobile/clearpath_common/clearpath_generator_common) by extension 'ignore'
[0.161s] Level 1:colcon.colcon_core.package_identification:_identify(src/mobile/clearpath_common/clearpath_generator_common) by extension 'ignore_ament_install'
[0.161s] Level 1:colcon.colcon_core.package_identification:_identify(src/mobile/clearpath_common/clearpath_generator_common) by extensions ['colcon_pkg']
[0.161s] Level 1:colcon.colcon_core.package_identification:_identify(src/mobile/clearpath_common/clearpath_generator_common) by extension 'colcon_pkg'
[0.161s] Level 1:colcon.colcon_core.package_identification:_identify(src/mobile/clearpath_common/clearpath_generator_common) by extensions ['colcon_meta']
[0.162s] Level 1:colcon.colcon_core.package_identification:_identify(src/mobile/clearpath_common/clearpath_generator_common) by extension 'colcon_meta'
[0.162s] Level 1:colcon.colcon_core.package_identification:_identify(src/mobile/clearpath_common/clearpath_generator_common) by extensions ['ros']
[0.162s] Level 1:colcon.colcon_core.package_identification:_identify(src/mobile/clearpath_common/clearpath_generator_common) by extension 'ros'
[0.162s] DEBUG:colcon.colcon_core.package_identification:Package 'src/mobile/clearpath_common/clearpath_generator_common' with type 'ros.ament_cmake' and name 'clearpath_generator_common'
[0.162s] Level 1:colcon.colcon_core.package_identification:_identify(src/mobile/clearpath_common/clearpath_manipulators) by extensions ['ignore', 'ignore_ament_install']
[0.162s] Level 1:colcon.colcon_core.package_identification:_identify(src/mobile/clearpath_common/clearpath_manipulators) by extension 'ignore'
[0.162s] Level 1:colcon.colcon_core.package_identification:_identify(src/mobile/clearpath_common/clearpath_manipulators) by extension 'ignore_ament_install'
[0.162s] Level 1:colcon.colcon_core.package_identification:_identify(src/mobile/clearpath_common/clearpath_manipulators) by extensions ['colcon_pkg']
[0.162s] Level 1:colcon.colcon_core.package_identification:_identify(src/mobile/clearpath_common/clearpath_manipulators) by extension 'colcon_pkg'
[0.162s] Level 1:colcon.colcon_core.package_identification:_identify(src/mobile/clearpath_common/clearpath_manipulators) by extensions ['colcon_meta']
[0.162s] Level 1:colcon.colcon_core.package_identification:_identify(src/mobile/clearpath_common/clearpath_manipulators) by extension 'colcon_meta'
[0.162s] Level 1:colcon.colcon_core.package_identification:_identify(src/mobile/clearpath_common/clearpath_manipulators) by extensions ['ros']
[0.162s] Level 1:colcon.colcon_core.package_identification:_identify(src/mobile/clearpath_common/clearpath_manipulators) by extension 'ros'
[0.163s] DEBUG:colcon.colcon_core.package_identification:Package 'src/mobile/clearpath_common/clearpath_manipulators' with type 'ros.ament_cmake' and name 'clearpath_manipulators'
[0.163s] Level 1:colcon.colcon_core.package_identification:_identify(src/mobile/clearpath_common/clearpath_manipulators_description) by extensions ['ignore', 'ignore_ament_install']
[0.163s] Level 1:colcon.colcon_core.package_identification:_identify(src/mobile/clearpath_common/clearpath_manipulators_description) by extension 'ignore'
[0.163s] Level 1:colcon.colcon_core.package_identification:_identify(src/mobile/clearpath_common/clearpath_manipulators_description) by extension 'ignore_ament_install'
[0.163s] Level 1:colcon.colcon_core.package_identification:_identify(src/mobile/clearpath_common/clearpath_manipulators_description) by extensions ['colcon_pkg']
[0.163s] Level 1:colcon.colcon_core.package_identification:_identify(src/mobile/clearpath_common/clearpath_manipulators_description) by extension 'colcon_pkg'
[0.163s] Level 1:colcon.colcon_core.package_identification:_identify(src/mobile/clearpath_common/clearpath_manipulators_description) by extensions ['colcon_meta']
[0.163s] Level 1:colcon.colcon_core.package_identification:_identify(src/mobile/clearpath_common/clearpath_manipulators_description) by extension 'colcon_meta'
[0.163s] Level 1:colcon.colcon_core.package_identification:_identify(src/mobile/clearpath_common/clearpath_manipulators_description) by extensions ['ros']
[0.163s] Level 1:colcon.colcon_core.package_identification:_identify(src/mobile/clearpath_common/clearpath_manipulators_description) by extension 'ros'
[0.164s] DEBUG:colcon.colcon_core.package_identification:Package 'src/mobile/clearpath_common/clearpath_manipulators_description' with type 'ros.ament_cmake' and name 'clearpath_manipulators_description'
[0.164s] Level 1:colcon.colcon_core.package_identification:_identify(src/mobile/clearpath_common/clearpath_mounts_description) by extensions ['ignore', 'ignore_ament_install']
[0.164s] Level 1:colcon.colcon_core.package_identification:_identify(src/mobile/clearpath_common/clearpath_mounts_description) by extension 'ignore'
[0.164s] Level 1:colcon.colcon_core.package_identification:_identify(src/mobile/clearpath_common/clearpath_mounts_description) by extension 'ignore_ament_install'
[0.164s] Level 1:colcon.colcon_core.package_identification:_identify(src/mobile/clearpath_common/clearpath_mounts_description) by extensions ['colcon_pkg']
[0.164s] Level 1:colcon.colcon_core.package_identification:_identify(src/mobile/clearpath_common/clearpath_mounts_description) by extension 'colcon_pkg'
[0.164s] Level 1:colcon.colcon_core.package_identification:_identify(src/mobile/clearpath_common/clearpath_mounts_description) by extensions ['colcon_meta']
[0.164s] Level 1:colcon.colcon_core.package_identification:_identify(src/mobile/clearpath_common/clearpath_mounts_description) by extension 'colcon_meta'
[0.164s] Level 1:colcon.colcon_core.package_identification:_identify(src/mobile/clearpath_common/clearpath_mounts_description) by extensions ['ros']
[0.164s] Level 1:colcon.colcon_core.package_identification:_identify(src/mobile/clearpath_common/clearpath_mounts_description) by extension 'ros'
[0.165s] DEBUG:colcon.colcon_core.package_identification:Package 'src/mobile/clearpath_common/clearpath_mounts_description' with type 'ros.ament_cmake' and name 'clearpath_mounts_description'
[0.165s] Level 1:colcon.colcon_core.package_identification:_identify(src/mobile/clearpath_common/clearpath_platform_description) by extensions ['ignore', 'ignore_ament_install']
[0.165s] Level 1:colcon.colcon_core.package_identification:_identify(src/mobile/clearpath_common/clearpath_platform_description) by extension 'ignore'
[0.165s] Level 1:colcon.colcon_core.package_identification:_identify(src/mobile/clearpath_common/clearpath_platform_description) by extension 'ignore_ament_install'
[0.165s] Level 1:colcon.colcon_core.package_identification:_identify(src/mobile/clearpath_common/clearpath_platform_description) by extensions ['colcon_pkg']
[0.165s] Level 1:colcon.colcon_core.package_identification:_identify(src/mobile/clearpath_common/clearpath_platform_description) by extension 'colcon_pkg'
[0.165s] Level 1:colcon.colcon_core.package_identification:_identify(src/mobile/clearpath_common/clearpath_platform_description) by extensions ['colcon_meta']
[0.165s] Level 1:colcon.colcon_core.package_identification:_identify(src/mobile/clearpath_common/clearpath_platform_description) by extension 'colcon_meta'
[0.165s] Level 1:colcon.colcon_core.package_identification:_identify(src/mobile/clearpath_common/clearpath_platform_description) by extensions ['ros']
[0.165s] Level 1:colcon.colcon_core.package_identification:_identify(src/mobile/clearpath_common/clearpath_platform_description) by extension 'ros'
[0.165s] DEBUG:colcon.colcon_core.package_identification:Package 'src/mobile/clearpath_common/clearpath_platform_description' with type 'ros.ament_cmake' and name 'clearpath_platform_description'
[0.165s] Level 1:colcon.colcon_core.package_identification:_identify(src/mobile/clearpath_common/clearpath_ros2_control) by extensions ['ignore', 'ignore_ament_install']
[0.165s] Level 1:colcon.colcon_core.package_identification:_identify(src/mobile/clearpath_common/clearpath_ros2_control) by extension 'ignore'
[0.166s] Level 1:colcon.colcon_core.package_identification:_identify(src/mobile/clearpath_common/clearpath_ros2_control) by extension 'ignore_ament_install'
[0.166s] Level 1:colcon.colcon_core.package_identification:_identify(src/mobile/clearpath_common/clearpath_ros2_control) by extensions ['colcon_pkg']
[0.166s] Level 1:colcon.colcon_core.package_identification:_identify(src/mobile/clearpath_common/clearpath_ros2_control) by extension 'colcon_pkg'
[0.166s] Level 1:colcon.colcon_core.package_identification:_identify(src/mobile/clearpath_common/clearpath_ros2_control) by extensions ['colcon_meta']
[0.166s] Level 1:colcon.colcon_core.package_identification:_identify(src/mobile/clearpath_common/clearpath_ros2_control) by extension 'colcon_meta'
[0.166s] Level 1:colcon.colcon_core.package_identification:_identify(src/mobile/clearpath_common/clearpath_ros2_control) by extensions ['ros']
[0.166s] Level 1:colcon.colcon_core.package_identification:_identify(src/mobile/clearpath_common/clearpath_ros2_control) by extension 'ros'
[0.166s] Level 1:colcon.colcon_core.package_identification:_identify(src/mobile/clearpath_common/clearpath_ros2_control) by extensions ['cmake', 'python']
[0.166s] Level 1:colcon.colcon_core.package_identification:_identify(src/mobile/clearpath_common/clearpath_ros2_control) by extension 'cmake'
[0.166s] Level 1:colcon.colcon_core.package_identification:_identify(src/mobile/clearpath_common/clearpath_ros2_control) by extension 'python'
[0.166s] Level 1:colcon.colcon_core.package_identification:_identify(src/mobile/clearpath_common/clearpath_ros2_control) by extensions ['python_setup_py']
[0.166s] Level 1:colcon.colcon_core.package_identification:_identify(src/mobile/clearpath_common/clearpath_ros2_control) by extension 'python_setup_py'
[0.166s] Level 1:colcon.colcon_core.package_identification:_identify(src/mobile/clearpath_common/clearpath_ros2_control/clearpath_bms_broadcaster) by extensions ['ignore', 'ignore_ament_install']
[0.166s] Level 1:colcon.colcon_core.package_identification:_identify(src/mobile/clearpath_common/clearpath_ros2_control/clearpath_bms_broadcaster) by extension 'ignore'
[0.166s] Level 1:colcon.colcon_core.package_identification:_identify(src/mobile/clearpath_common/clearpath_ros2_control/clearpath_bms_broadcaster) by extension 'ignore_ament_install'
[0.166s] Level 1:colcon.colcon_core.package_identification:_identify(src/mobile/clearpath_common/clearpath_ros2_control/clearpath_bms_broadcaster) by extensions ['colcon_pkg']
[0.166s] Level 1:colcon.colcon_core.package_identification:_identify(src/mobile/clearpath_common/clearpath_ros2_control/clearpath_bms_broadcaster) by extension 'colcon_pkg'
[0.166s] Level 1:colcon.colcon_core.package_identification:_identify(src/mobile/clearpath_common/clearpath_ros2_control/clearpath_bms_broadcaster) by extensions ['colcon_meta']
[0.166s] Level 1:colcon.colcon_core.package_identification:_identify(src/mobile/clearpath_common/clearpath_ros2_control/clearpath_bms_broadcaster) by extension 'colcon_meta'
[0.166s] Level 1:colcon.colcon_core.package_identification:_identify(src/mobile/clearpath_common/clearpath_ros2_control/clearpath_bms_broadcaster) by extensions ['ros']
[0.166s] Level 1:colcon.colcon_core.package_identification:_identify(src/mobile/clearpath_common/clearpath_ros2_control/clearpath_bms_broadcaster) by extension 'ros'
[0.167s] DEBUG:colcon.colcon_core.package_identification:Package 'src/mobile/clearpath_common/clearpath_ros2_control/clearpath_bms_broadcaster' with type 'ros.ament_cmake' and name 'clearpath_bms_broadcaster'
[0.167s] Level 1:colcon.colcon_core.package_identification:_identify(src/mobile/clearpath_common/clearpath_sensors_description) by extensions ['ignore', 'ignore_ament_install']
[0.167s] Level 1:colcon.colcon_core.package_identification:_identify(src/mobile/clearpath_common/clearpath_sensors_description) by extension 'ignore'
[0.167s] Level 1:colcon.colcon_core.package_identification:_identify(src/mobile/clearpath_common/clearpath_sensors_description) by extension 'ignore_ament_install'
[0.167s] Level 1:colcon.colcon_core.package_identification:_identify(src/mobile/clearpath_common/clearpath_sensors_description) by extensions ['colcon_pkg']
[0.167s] Level 1:colcon.colcon_core.package_identification:_identify(src/mobile/clearpath_common/clearpath_sensors_description) by extension 'colcon_pkg'
[0.167s] Level 1:colcon.colcon_core.package_identification:_identify(src/mobile/clearpath_common/clearpath_sensors_description) by extensions ['colcon_meta']
[0.167s] Level 1:colcon.colcon_core.package_identification:_identify(src/mobile/clearpath_common/clearpath_sensors_description) by extension 'colcon_meta'
[0.167s] Level 1:colcon.colcon_core.package_identification:_identify(src/mobile/clearpath_common/clearpath_sensors_description) by extensions ['ros']
[0.167s] Level 1:colcon.colcon_core.package_identification:_identify(src/mobile/clearpath_common/clearpath_sensors_description) by extension 'ros'
[0.168s] DEBUG:colcon.colcon_core.package_identification:Package 'src/mobile/clearpath_common/clearpath_sensors_description' with type 'ros.ament_cmake' and name 'clearpath_sensors_description'
[0.168s] Level 1:colcon.colcon_core.package_discovery:discover_packages(recursive) using defaults
[0.168s] Level 1:colcon.colcon_core.package_discovery:discover_packages(ignore) discover
[0.168s] Level 1:colcon.colcon_core.package_discovery:discover_packages(ignore) using defaults
[0.168s] Level 1:colcon.colcon_core.package_discovery:discover_packages(path) discover
[0.168s] Level 1:colcon.colcon_core.package_discovery:discover_packages(path) using defaults
[0.185s] DEBUG:colcon.colcon_core.package_augmentation.check_dependency_constraint:clearpath_description depends on clearpath_mounts_description which has version 2.9.9 which satisfies to be greater than or equal to 2.5.0
[0.185s] DEBUG:colcon.colcon_core.package_augmentation.check_dependency_constraint:clearpath_description depends on clearpath_platform_description which has version 2.9.9 which satisfies to be greater than or equal to 2.5.0
[0.185s] DEBUG:colcon.colcon_core.package_augmentation.check_dependency_constraint:clearpath_description depends on clearpath_manipulators_description which has version 2.9.9 which satisfies to be greater than or equal to 2.5.0
[0.185s] DEBUG:colcon.colcon_core.package_augmentation.check_dependency_constraint:clearpath_description depends on clearpath_sensors_description which has version 2.9.9 which satisfies to be greater than or equal to 2.5.0
[0.185s] DEBUG:colcon.colcon_core.package_augmentation.check_dependency_constraint:clearpath_manipulators depends on clearpath_manipulators_description which has version 2.9.9 which satisfies to be greater than or equal to 2.5.0
[0.185s] DEBUG:colcon.colcon_core.package_augmentation.check_dependency_constraint:clearpath_generator_common depends on clearpath_description which has version 2.9.9 which satisfies to be greater than or equal to 2.9.0
[0.185s] DEBUG:colcon.colcon_core.package_augmentation.check_dependency_constraint:clearpath_generator_common depends on clearpath_control which has version 2.9.9 which satisfies to be greater than or equal to 2.9.0
[0.185s] DEBUG:colcon.colcon_core.package_augmentation.check_dependency_constraint:clearpath_generator_common depends on clearpath_diagnostics which has version 2.9.9 which satisfies to be greater than or equal to 2.9.0
[0.185s] DEBUG:colcon.colcon_core.package_augmentation.check_dependency_constraint:clearpath_generator_common depends on clearpath_manipulators which has version 2.9.9 which satisfies to be greater than or equal to 2.9.0
[0.186s] DEBUG:colcon.colcon_core.package_augmentation.check_dependency_constraint:clearpath_common depends on clearpath_description which has version 2.9.9 which satisfies to be greater than or equal to 2.5.0
[0.186s] DEBUG:colcon.colcon_core.package_augmentation.check_dependency_constraint:clearpath_common depends on clearpath_control which has version 2.9.9 which satisfies to be greater than or equal to 2.5.0
[0.186s] DEBUG:colcon.colcon_core.package_augmentation.check_dependency_constraint:clearpath_common depends on clearpath_generator_common which has version 2.9.9 which satisfies to be greater than or equal to 2.5.0
[0.188s] Level 1:colcon.colcon_core.package_discovery:discover_packages(prefix_path) check parameters
[0.188s] Level 1:colcon.colcon_core.package_discovery:discover_packages(prefix_path) discover
[0.189s] DEBUG:colcon.colcon_installed_package_information.package_discovery:Found 0 installed packages in /home/sjk/DISSERTATION/ROS2_WS/install
[0.190s] DEBUG:colcon.colcon_installed_package_information.package_discovery:Found 294 installed packages in /opt/ros/jazzy
[0.191s] Level 1:colcon.colcon_core.package_discovery:discover_packages(prefix_path) using defaults
[0.227s] Level 5:colcon.colcon_core.verb:set package 'clearpath_bms_broadcaster' build argument 'cmake_args' from command line to 'None'
[0.227s] Level 5:colcon.colcon_core.verb:set package 'clearpath_bms_broadcaster' build argument 'cmake_target' from command line to 'None'
[0.227s] Level 5:colcon.colcon_core.verb:set package 'clearpath_bms_broadcaster' build argument 'cmake_target_skip_unavailable' from command line to 'False'
[0.227s] Level 5:colcon.colcon_core.verb:set package 'clearpath_bms_broadcaster' build argument 'cmake_clean_cache' from command line to 'False'
[0.227s] Level 5:colcon.colcon_core.verb:set package 'clearpath_bms_broadcaster' build argument 'cmake_clean_first' from command line to 'False'
[0.227s] Level 5:colcon.colcon_core.verb:set package 'clearpath_bms_broadcaster' build argument 'cmake_force_configure' from command line to 'False'
[0.227s] Level 5:colcon.colcon_core.verb:set package 'clearpath_bms_broadcaster' build argument 'ament_cmake_args' from command line to 'None'
[0.227s] Level 5:colcon.colcon_core.verb:set package 'clearpath_bms_broadcaster' build argument 'catkin_cmake_args' from command line to 'None'
[0.227s] Level 5:colcon.colcon_core.verb:set package 'clearpath_bms_broadcaster' build argument 'catkin_skip_building_tests' from command line to 'False'
[0.227s] DEBUG:colcon.colcon_core.verb:Building package 'clearpath_bms_broadcaster' with the following arguments: {'ament_cmake_args': None, 'build_base': '/home/sjk/DISSERTATION/ROS2_WS/build/clearpath_bms_broadcaster', 'catkin_cmake_args': None, 'catkin_skip_building_tests': False, 'cmake_args': None, 'cmake_clean_cache': False, 'cmake_clean_first': False, 'cmake_force_configure': False, 'cmake_target': None, 'cmake_target_skip_unavailable': False, 'install_base': '/home/sjk/DISSERTATION/ROS2_WS/install/clearpath_bms_broadcaster', 'merge_install': False, 'path': '/home/sjk/DISSERTATION/ROS2_WS/src/mobile/clearpath_common/clearpath_ros2_control/clearpath_bms_broadcaster', 'symlink_install': True, 'test_result_base': None}
[0.227s] Level 5:colcon.colcon_core.verb:set package 'clearpath_bt_joy' build argument 'cmake_args' from command line to 'None'
[0.227s] Level 5:colcon.colcon_core.verb:set package 'clearpath_bt_joy' build argument 'cmake_target' from command line to 'None'
[0.227s] Level 5:colcon.colcon_core.verb:set package 'clearpath_bt_joy' build argument 'cmake_target_skip_unavailable' from command line to 'False'
[0.227s] Level 5:colcon.colcon_core.verb:set package 'clearpath_bt_joy' build argument 'cmake_clean_cache' from command line to 'False'
[0.227s] Level 5:colcon.colcon_core.verb:set package 'clearpath_bt_joy' build argument 'cmake_clean_first' from command line to 'False'
[0.227s] Level 5:colcon.colcon_core.verb:set package 'clearpath_bt_joy' build argument 'cmake_force_configure' from command line to 'False'
[0.227s] Level 5:colcon.colcon_core.verb:set package 'clearpath_bt_joy' build argument 'ament_cmake_args' from command line to 'None'
[0.227s] Level 5:colcon.colcon_core.verb:set package 'clearpath_bt_joy' build argument 'catkin_cmake_args' from command line to 'None'
[0.227s] Level 5:colcon.colcon_core.verb:set package 'clearpath_bt_joy' build argument 'catkin_skip_building_tests' from command line to 'False'
[0.227s] DEBUG:colcon.colcon_core.verb:Building package 'clearpath_bt_joy' with the following arguments: {'ament_cmake_args': None, 'build_base': '/home/sjk/DISSERTATION/ROS2_WS/build/clearpath_bt_joy', 'catkin_cmake_args': None, 'catkin_skip_building_tests': False, 'cmake_args': None, 'cmake_clean_cache': False, 'cmake_clean_first': False, 'cmake_force_configure': False, 'cmake_target': None, 'cmake_target_skip_unavailable': False, 'install_base': '/home/sjk/DISSERTATION/ROS2_WS/install/clearpath_bt_joy', 'merge_install': False, 'path': '/home/sjk/DISSERTATION/ROS2_WS/src/mobile/clearpath_common/clearpath_bt_joy', 'symlink_install': True, 'test_result_base': None}
[0.227s] Level 5:colcon.colcon_core.verb:set package 'clearpath_customization' build argument 'cmake_args' from command line to 'None'
[0.227s] Level 5:colcon.colcon_core.verb:set package 'clearpath_customization' build argument 'cmake_target' from command line to 'None'
[0.228s] Level 5:colcon.colcon_core.verb:set package 'clearpath_customization' build argument 'cmake_target_skip_unavailable' from command line to 'False'
[0.228s] Level 5:colcon.colcon_core.verb:set package 'clearpath_customization' build argument 'cmake_clean_cache' from command line to 'False'
[0.228s] Level 5:colcon.colcon_core.verb:set package 'clearpath_customization' build argument 'cmake_clean_first' from command line to 'False'
[0.228s] Level 5:colcon.colcon_core.verb:set package 'clearpath_customization' build argument 'cmake_force_configure' from command line to 'False'
[0.228s] Level 5:colcon.colcon_core.verb:set package 'clearpath_customization' build argument 'ament_cmake_args' from command line to 'None'
[0.228s] Level 5:colcon.colcon_core.verb:set package 'clearpath_customization' build argument 'catkin_cmake_args' from command line to 'None'
[0.228s] Level 5:colcon.colcon_core.verb:set package 'clearpath_customization' build argument 'catkin_skip_building_tests' from command line to 'False'
[0.228s] DEBUG:colcon.colcon_core.verb:Building package 'clearpath_customization' with the following arguments: {'ament_cmake_args': None, 'build_base': '/home/sjk/DISSERTATION/ROS2_WS/build/clearpath_customization', 'catkin_cmake_args': None, 'catkin_skip_building_tests': False, 'cmake_args': None, 'cmake_clean_cache': False, 'cmake_clean_first': False, 'cmake_force_configure': False, 'cmake_target': None, 'cmake_target_skip_unavailable': False, 'install_base': '/home/sjk/DISSERTATION/ROS2_WS/install/clearpath_customization', 'merge_install': False, 'path': '/home/sjk/DISSERTATION/ROS2_WS/src/mobile/clearpath_common/clearpath_customization', 'symlink_install': True, 'test_result_base': None}
[0.228s] Level 5:colcon.colcon_core.verb:set package 'clearpath_diagnostics' build argument 'cmake_args' from command line to 'None'
[0.228s] Level 5:colcon.colcon_core.verb:set package 'clearpath_diagnostics' build argument 'cmake_target' from command line to 'None'
[0.228s] Level 5:colcon.colcon_core.verb:set package 'clearpath_diagnostics' build argument 'cmake_target_skip_unavailable' from command line to 'False'
[0.228s] Level 5:colcon.colcon_core.verb:set package 'clearpath_diagnostics' build argument 'cmake_clean_cache' from command line to 'False'
[0.228s] Level 5:colcon.colcon_core.verb:set package 'clearpath_diagnostics' build argument 'cmake_clean_first' from command line to 'False'
[0.228s] Level 5:colcon.colcon_core.verb:set package 'clearpath_diagnostics' build argument 'cmake_force_configure' from command line to 'False'
[0.228s] Level 5:colcon.colcon_core.verb:set package 'clearpath_diagnostics' build argument 'ament_cmake_args' from command line to 'None'
[0.228s] Level 5:colcon.colcon_core.verb:set package 'clearpath_diagnostics' build argument 'catkin_cmake_args' from command line to 'None'
[0.228s] Level 5:colcon.colcon_core.verb:set package 'clearpath_diagnostics' build argument 'catkin_skip_building_tests' from command line to 'False'
[0.228s] DEBUG:colcon.colcon_core.verb:Building package 'clearpath_diagnostics' with the following arguments: {'ament_cmake_args': None, 'build_base': '/home/sjk/DISSERTATION/ROS2_WS/build/clearpath_diagnostics', 'catkin_cmake_args': None, 'catkin_skip_building_tests': False, 'cmake_args': None, 'cmake_clean_cache': False, 'cmake_clean_first': False, 'cmake_force_configure': False, 'cmake_target': None, 'cmake_target_skip_unavailable': False, 'install_base': '/home/sjk/DISSERTATION/ROS2_WS/install/clearpath_diagnostics', 'merge_install': False, 'path': '/home/sjk/DISSERTATION/ROS2_WS/src/mobile/clearpath_common/clearpath_diagnostics', 'symlink_install': True, 'test_result_base': None}
[0.228s] Level 5:colcon.colcon_core.verb:set package 'clearpath_manipulators_description' build argument 'cmake_args' from command line to 'None'
[0.228s] Level 5:colcon.colcon_core.verb:set package 'clearpath_manipulators_description' build argument 'cmake_target' from command line to 'None'
[0.228s] Level 5:colcon.colcon_core.verb:set package 'clearpath_manipulators_description' build argument 'cmake_target_skip_unavailable' from command line to 'False'
[0.228s] Level 5:colcon.colcon_core.verb:set package 'clearpath_manipulators_description' build argument 'cmake_clean_cache' from command line to 'False'
[0.228s] Level 5:colcon.colcon_core.verb:set package 'clearpath_manipulators_description' build argument 'cmake_clean_first' from command line to 'False'
[0.228s] Level 5:colcon.colcon_core.verb:set package 'clearpath_manipulators_description' build argument 'cmake_force_configure' from command line to 'False'
[0.228s] Level 5:colcon.colcon_core.verb:set package 'clearpath_manipulators_description' build argument 'ament_cmake_args' from command line to 'None'
[0.228s] Level 5:colcon.colcon_core.verb:set package 'clearpath_manipulators_description' build argument 'catkin_cmake_args' from command line to 'None'
[0.228s] Level 5:colcon.colcon_core.verb:set package 'clearpath_manipulators_description' build argument 'catkin_skip_building_tests' from command line to 'False'
[0.228s] DEBUG:colcon.colcon_core.verb:Building package 'clearpath_manipulators_description' with the following arguments: {'ament_cmake_args': None, 'build_base': '/home/sjk/DISSERTATION/ROS2_WS/build/clearpath_manipulators_description', 'catkin_cmake_args': None, 'catkin_skip_building_tests': False, 'cmake_args': None, 'cmake_clean_cache': False, 'cmake_clean_first': False, 'cmake_force_configure': False, 'cmake_target': None, 'cmake_target_skip_unavailable': False, 'install_base': '/home/sjk/DISSERTATION/ROS2_WS/install/clearpath_manipulators_description', 'merge_install': False, 'path': '/home/sjk/DISSERTATION/ROS2_WS/src/mobile/clearpath_common/clearpath_manipulators_description', 'symlink_install': True, 'test_result_base': None}
[0.229s] Level 5:colcon.colcon_core.verb:set package 'clearpath_mounts_description' build argument 'cmake_args' from command line to 'None'
[0.229s] Level 5:colcon.colcon_core.verb:set package 'clearpath_mounts_description' build argument 'cmake_target' from command line to 'None'
[0.229s] Level 5:colcon.colcon_core.verb:set package 'clearpath_mounts_description' build argument 'cmake_target_skip_unavailable' from command line to 'False'
[0.229s] Level 5:colcon.colcon_core.verb:set package 'clearpath_mounts_description' build argument 'cmake_clean_cache' from command line to 'False'
[0.229s] Level 5:colcon.colcon_core.verb:set package 'clearpath_mounts_description' build argument 'cmake_clean_first' from command line to 'False'
[0.229s] Level 5:colcon.colcon_core.verb:set package 'clearpath_mounts_description' build argument 'cmake_force_configure' from command line to 'False'
[0.229s] Level 5:colcon.colcon_core.verb:set package 'clearpath_mounts_description' build argument 'ament_cmake_args' from command line to 'None'
[0.229s] Level 5:colcon.colcon_core.verb:set package 'clearpath_mounts_description' build argument 'catkin_cmake_args' from command line to 'None'
[0.229s] Level 5:colcon.colcon_core.verb:set package 'clearpath_mounts_description' build argument 'catkin_skip_building_tests' from command line to 'False'
[0.229s] DEBUG:colcon.colcon_core.verb:Building package 'clearpath_mounts_description' with the following arguments: {'ament_cmake_args': None, 'build_base': '/home/sjk/DISSERTATION/ROS2_WS/build/clearpath_mounts_description', 'catkin_cmake_args': None, 'catkin_skip_building_tests': False, 'cmake_args': None, 'cmake_clean_cache': False, 'cmake_clean_first': False, 'cmake_force_configure': False, 'cmake_target': None, 'cmake_target_skip_unavailable': False, 'install_base': '/home/sjk/DISSERTATION/ROS2_WS/install/clearpath_mounts_description', 'merge_install': False, 'path': '/home/sjk/DISSERTATION/ROS2_WS/src/mobile/clearpath_common/clearpath_mounts_description', 'symlink_install': True, 'test_result_base': None}
[0.229s] Level 5:colcon.colcon_core.verb:set package 'clearpath_platform_description' build argument 'cmake_args' from command line to 'None'
[0.229s] Level 5:colcon.colcon_core.verb:set package 'clearpath_platform_description' build argument 'cmake_target' from command line to 'None'
[0.229s] Level 5:colcon.colcon_core.verb:set package 'clearpath_platform_description' build argument 'cmake_target_skip_unavailable' from command line to 'False'
[0.229s] Level 5:colcon.colcon_core.verb:set package 'clearpath_platform_description' build argument 'cmake_clean_cache' from command line to 'False'
[0.229s] Level 5:colcon.colcon_core.verb:set package 'clearpath_platform_description' build argument 'cmake_clean_first' from command line to 'False'
[0.229s] Level 5:colcon.colcon_core.verb:set package 'clearpath_platform_description' build argument 'cmake_force_configure' from command line to 'False'
[0.229s] Level 5:colcon.colcon_core.verb:set package 'clearpath_platform_description' build argument 'ament_cmake_args' from command line to 'None'
[0.229s] Level 5:colcon.colcon_core.verb:set package 'clearpath_platform_description' build argument 'catkin_cmake_args' from command line to 'None'
[0.229s] Level 5:colcon.colcon_core.verb:set package 'clearpath_platform_description' build argument 'catkin_skip_building_tests' from command line to 'False'
[0.229s] DEBUG:colcon.colcon_core.verb:Building package 'clearpath_platform_description' with the following arguments: {'ament_cmake_args': None, 'build_base': '/home/sjk/DISSERTATION/ROS2_WS/build/clearpath_platform_description', 'catkin_cmake_args': None, 'catkin_skip_building_tests': False, 'cmake_args': None, 'cmake_clean_cache': False, 'cmake_clean_first': False, 'cmake_force_configure': False, 'cmake_target': None, 'cmake_target_skip_unavailable': False, 'install_base': '/home/sjk/DISSERTATION/ROS2_WS/install/clearpath_platform_description', 'merge_install': False, 'path': '/home/sjk/DISSERTATION/ROS2_WS/src/mobile/clearpath_common/clearpath_platform_description', 'symlink_install': True, 'test_result_base': None}
[0.229s] Level 5:colcon.colcon_core.verb:set package 'clearpath_sensors_description' build argument 'cmake_args' from command line to 'None'
[0.229s] Level 5:colcon.colcon_core.verb:set package 'clearpath_sensors_description' build argument 'cmake_target' from command line to 'None'
[0.229s] Level 5:colcon.colcon_core.verb:set package 'clearpath_sensors_description' build argument 'cmake_target_skip_unavailable' from command line to 'False'
[0.229s] Level 5:colcon.colcon_core.verb:set package 'clearpath_sensors_description' build argument 'cmake_clean_cache' from command line to 'False'
[0.229s] Level 5:colcon.colcon_core.verb:set package 'clearpath_sensors_description' build argument 'cmake_clean_first' from command line to 'False'
[0.229s] Level 5:colcon.colcon_core.verb:set package 'clearpath_sensors_description' build argument 'cmake_force_configure' from command line to 'False'
[0.229s] Level 5:colcon.colcon_core.verb:set package 'clearpath_sensors_description' build argument 'ament_cmake_args' from command line to 'None'
[0.229s] Level 5:colcon.colcon_core.verb:set package 'clearpath_sensors_description' build argument 'catkin_cmake_args' from command line to 'None'
[0.229s] Level 5:colcon.colcon_core.verb:set package 'clearpath_sensors_description' build argument 'catkin_skip_building_tests' from command line to 'False'
[0.229s] DEBUG:colcon.colcon_core.verb:Building package 'clearpath_sensors_description' with the following arguments: {'ament_cmake_args': None, 'build_base': '/home/sjk/DISSERTATION/ROS2_WS/build/clearpath_sensors_description', 'catkin_cmake_args': None, 'catkin_skip_building_tests': False, 'cmake_args': None, 'cmake_clean_cache': False, 'cmake_clean_first': False, 'cmake_force_configure': False, 'cmake_target': None, 'cmake_target_skip_unavailable': False, 'install_base': '/home/sjk/DISSERTATION/ROS2_WS/install/clearpath_sensors_description', 'merge_install': False, 'path': '/home/sjk/DISSERTATION/ROS2_WS/src/mobile/clearpath_common/clearpath_sensors_description', 'symlink_install': True, 'test_result_base': None}
[0.229s] Level 5:colcon.colcon_core.verb:set package 'clearpath_control' build argument 'cmake_args' from command line to 'None'
[0.230s] Level 5:colcon.colcon_core.verb:set package 'clearpath_control' build argument 'cmake_target' from command line to 'None'
[0.230s] Level 5:colcon.colcon_core.verb:set package 'clearpath_control' build argument 'cmake_target_skip_unavailable' from command line to 'False'
[0.230s] Level 5:colcon.colcon_core.verb:set package 'clearpath_control' build argument 'cmake_clean_cache' from command line to 'False'
[0.230s] Level 5:colcon.colcon_core.verb:set package 'clearpath_control' build argument 'cmake_clean_first' from command line to 'False'
[0.230s] Level 5:colcon.colcon_core.verb:set package 'clearpath_control' build argument 'cmake_force_configure' from command line to 'False'
[0.230s] Level 5:colcon.colcon_core.verb:set package 'clearpath_control' build argument 'ament_cmake_args' from command line to 'None'
[0.230s] Level 5:colcon.colcon_core.verb:set package 'clearpath_control' build argument 'catkin_cmake_args' from command line to 'None'
[0.230s] Level 5:colcon.colcon_core.verb:set package 'clearpath_control' build argument 'catkin_skip_building_tests' from command line to 'False'
[0.230s] DEBUG:colcon.colcon_core.verb:Building package 'clearpath_control' with the following arguments: {'ament_cmake_args': None, 'build_base': '/home/sjk/DISSERTATION/ROS2_WS/build/clearpath_control', 'catkin_cmake_args': None, 'catkin_skip_building_tests': False, 'cmake_args': None, 'cmake_clean_cache': False, 'cmake_clean_first': False, 'cmake_force_configure': False, 'cmake_target': None, 'cmake_target_skip_unavailable': False, 'install_base': '/home/sjk/DISSERTATION/ROS2_WS/install/clearpath_control', 'merge_install': False, 'path': '/home/sjk/DISSERTATION/ROS2_WS/src/mobile/clearpath_common/clearpath_control', 'symlink_install': True, 'test_result_base': None}
[0.230s] Level 5:colcon.colcon_core.verb:set package 'clearpath_description' build argument 'cmake_args' from command line to 'None'
[0.230s] Level 5:colcon.colcon_core.verb:set package 'clearpath_description' build argument 'cmake_target' from command line to 'None'
[0.230s] Level 5:colcon.colcon_core.verb:set package 'clearpath_description' build argument 'cmake_target_skip_unavailable' from command line to 'False'
[0.230s] Level 5:colcon.colcon_core.verb:set package 'clearpath_description' build argument 'cmake_clean_cache' from command line to 'False'
[0.230s] Level 5:colcon.colcon_core.verb:set package 'clearpath_description' build argument 'cmake_clean_first' from command line to 'False'
[0.230s] Level 5:colcon.colcon_core.verb:set package 'clearpath_description' build argument 'cmake_force_configure' from command line to 'False'
[0.230s] Level 5:colcon.colcon_core.verb:set package 'clearpath_description' build argument 'ament_cmake_args' from command line to 'None'
[0.230s] Level 5:colcon.colcon_core.verb:set package 'clearpath_description' build argument 'catkin_cmake_args' from command line to 'None'
[0.230s] Level 5:colcon.colcon_core.verb:set package 'clearpath_description' build argument 'catkin_skip_building_tests' from command line to 'False'
[0.230s] DEBUG:colcon.colcon_core.verb:Building package 'clearpath_description' with the following arguments: {'ament_cmake_args': None, 'build_base': '/home/sjk/DISSERTATION/ROS2_WS/build/clearpath_description', 'catkin_cmake_args': None, 'catkin_skip_building_tests': False, 'cmake_args': None, 'cmake_clean_cache': False, 'cmake_clean_first': False, 'cmake_force_configure': False, 'cmake_target': None, 'cmake_target_skip_unavailable': False, 'install_base': '/home/sjk/DISSERTATION/ROS2_WS/install/clearpath_description', 'merge_install': False, 'path': '/home/sjk/DISSERTATION/ROS2_WS/src/mobile/clearpath_common/clearpath_description', 'symlink_install': True, 'test_result_base': None}
[0.230s] Level 5:colcon.colcon_core.verb:set package 'clearpath_manipulators' build argument 'cmake_args' from command line to 'None'
[0.230s] Level 5:colcon.colcon_core.verb:set package 'clearpath_manipulators' build argument 'cmake_target' from command line to 'None'
[0.230s] Level 5:colcon.colcon_core.verb:set package 'clearpath_manipulators' build argument 'cmake_target_skip_unavailable' from command line to 'False'
[0.230s] Level 5:colcon.colcon_core.verb:set package 'clearpath_manipulators' build argument 'cmake_clean_cache' from command line to 'False'
[0.230s] Level 5:colcon.colcon_core.verb:set package 'clearpath_manipulators' build argument 'cmake_clean_first' from command line to 'False'
[0.230s] Level 5:colcon.colcon_core.verb:set package 'clearpath_manipulators' build argument 'cmake_force_configure' from command line to 'False'
[0.230s] Level 5:colcon.colcon_core.verb:set package 'clearpath_manipulators' build argument 'ament_cmake_args' from command line to 'None'
[0.230s] Level 5:colcon.colcon_core.verb:set package 'clearpath_manipulators' build argument 'catkin_cmake_args' from command line to 'None'
[0.230s] Level 5:colcon.colcon_core.verb:set package 'clearpath_manipulators' build argument 'catkin_skip_building_tests' from command line to 'False'
[0.230s] DEBUG:colcon.colcon_core.verb:Building package 'clearpath_manipulators' with the following arguments: {'ament_cmake_args': None, 'build_base': '/home/sjk/DISSERTATION/ROS2_WS/build/clearpath_manipulators', 'catkin_cmake_args': None, 'catkin_skip_building_tests': False, 'cmake_args': None, 'cmake_clean_cache': False, 'cmake_clean_first': False, 'cmake_force_configure': False, 'cmake_target': None, 'cmake_target_skip_unavailable': False, 'install_base': '/home/sjk/DISSERTATION/ROS2_WS/install/clearpath_manipulators', 'merge_install': False, 'path': '/home/sjk/DISSERTATION/ROS2_WS/src/mobile/clearpath_common/clearpath_manipulators', 'symlink_install': True, 'test_result_base': None}
[0.231s] Level 5:colcon.colcon_core.verb:set package 'clearpath_generator_common' build argument 'cmake_args' from command line to 'None'
[0.231s] Level 5:colcon.colcon_core.verb:set package 'clearpath_generator_common' build argument 'cmake_target' from command line to 'None'
[0.231s] Level 5:colcon.colcon_core.verb:set package 'clearpath_generator_common' build argument 'cmake_target_skip_unavailable' from command line to 'False'
[0.231s] Level 5:colcon.colcon_core.verb:set package 'clearpath_generator_common' build argument 'cmake_clean_cache' from command line to 'False'
[0.231s] Level 5:colcon.colcon_core.verb:set package 'clearpath_generator_common' build argument 'cmake_clean_first' from command line to 'False'
[0.231s] Level 5:colcon.colcon_core.verb:set package 'clearpath_generator_common' build argument 'cmake_force_configure' from command line to 'False'
[0.231s] Level 5:colcon.colcon_core.verb:set package 'clearpath_generator_common' build argument 'ament_cmake_args' from command line to 'None'
[0.231s] Level 5:colcon.colcon_core.verb:set package 'clearpath_generator_common' build argument 'catkin_cmake_args' from command line to 'None'
[0.231s] Level 5:colcon.colcon_core.verb:set package 'clearpath_generator_common' build argument 'catkin_skip_building_tests' from command line to 'False'
[0.231s] DEBUG:colcon.colcon_core.verb:Building package 'clearpath_generator_common' with the following arguments: {'ament_cmake_args': None, 'build_base': '/home/sjk/DISSERTATION/ROS2_WS/build/clearpath_generator_common', 'catkin_cmake_args': None, 'catkin_skip_building_tests': False, 'cmake_args': None, 'cmake_clean_cache': False, 'cmake_clean_first': False, 'cmake_force_configure': False, 'cmake_target': None, 'cmake_target_skip_unavailable': False, 'install_base': '/home/sjk/DISSERTATION/ROS2_WS/install/clearpath_generator_common', 'merge_install': False, 'path': '/home/sjk/DISSERTATION/ROS2_WS/src/mobile/clearpath_common/clearpath_generator_common', 'symlink_install': True, 'test_result_base': None}
[0.231s] Level 5:colcon.colcon_core.verb:set package 'clearpath_common' build argument 'cmake_args' from command line to 'None'
[0.231s] Level 5:colcon.colcon_core.verb:set package 'clearpath_common' build argument 'cmake_target' from command line to 'None'
[0.231s] Level 5:colcon.colcon_core.verb:set package 'clearpath_common' build argument 'cmake_target_skip_unavailable' from command line to 'False'
[0.231s] Level 5:colcon.colcon_core.verb:set package 'clearpath_common' build argument 'cmake_clean_cache' from command line to 'False'
[0.231s] Level 5:colcon.colcon_core.verb:set package 'clearpath_common' build argument 'cmake_clean_first' from command line to 'False'
[0.231s] Level 5:colcon.colcon_core.verb:set package 'clearpath_common' build argument 'cmake_force_configure' from command line to 'False'
[0.231s] Level 5:colcon.colcon_core.verb:set package 'clearpath_common' build argument 'ament_cmake_args' from command line to 'None'
[0.231s] Level 5:colcon.colcon_core.verb:set package 'clearpath_common' build argument 'catkin_cmake_args' from command line to 'None'
[0.231s] Level 5:colcon.colcon_core.verb:set package 'clearpath_common' build argument 'catkin_skip_building_tests' from command line to 'False'
[0.231s] DEBUG:colcon.colcon_core.verb:Building package 'clearpath_common' with the following arguments: {'ament_cmake_args': None, 'build_base': '/home/sjk/DISSERTATION/ROS2_WS/build/clearpath_common', 'catkin_cmake_args': None, 'catkin_skip_building_tests': False, 'cmake_args': None, 'cmake_clean_cache': False, 'cmake_clean_first': False, 'cmake_force_configure': False, 'cmake_target': None, 'cmake_target_skip_unavailable': False, 'install_base': '/home/sjk/DISSERTATION/ROS2_WS/install/clearpath_common', 'merge_install': False, 'path': '/home/sjk/DISSERTATION/ROS2_WS/src/mobile/clearpath_common/clearpath_common', 'symlink_install': True, 'test_result_base': None}
[0.231s] INFO:colcon.colcon_core.executor:Executing jobs using 'parallel' executor
[0.232s] DEBUG:colcon.colcon_parallel_executor.executor.parallel:run_until_complete
[0.233s] INFO:colcon.colcon_ros.task.ament_cmake.build:Building ROS package in '/home/sjk/DISSERTATION/ROS2_WS/src/mobile/clearpath_common/clearpath_manipulators_description' with build type 'ament_cmake'
[0.233s] INFO:colcon.colcon_cmake.task.cmake.build:Building CMake package in '/home/sjk/DISSERTATION/ROS2_WS/src/mobile/clearpath_common/clearpath_manipulators_description'
[0.235s] INFO:colcon.colcon_core.plugin_system:Skipping extension 'colcon_core.shell.bat': Not used on non-Windows systems
[0.235s] INFO:colcon.colcon_core.shell:Skip shell extension 'powershell' for command environment: Not usable outside of PowerShell
[0.236s] DEBUG:colcon.colcon_core.shell:Skip shell extension 'dsv' for command environment
[0.243s] INFO:colcon.colcon_ros.task.ament_python.build:Building ROS package in '/home/sjk/DISSERTATION/ROS2_WS/src/mobile/clearpath_common/clearpath_bt_joy' with build type 'ament_python'
[0.244s] Level 1:colcon.colcon_core.shell:create_environment_hook('clearpath_bt_joy', 'ament_prefix_path')
[0.244s] INFO:colcon.colcon_core.shell:Creating environment hook '/home/sjk/DISSERTATION/ROS2_WS/install/clearpath_bt_joy/share/clearpath_bt_joy/hook/ament_prefix_path.ps1'
[0.245s] INFO:colcon.colcon_core.shell:Creating environment descriptor '/home/sjk/DISSERTATION/ROS2_WS/install/clearpath_bt_joy/share/clearpath_bt_joy/hook/ament_prefix_path.dsv'
[0.246s] INFO:colcon.colcon_core.shell:Creating environment hook '/home/sjk/DISSERTATION/ROS2_WS/install/clearpath_bt_joy/share/clearpath_bt_joy/hook/ament_prefix_path.sh'
[0.247s] INFO:colcon.colcon_core.shell:Skip shell extension 'powershell' for command environment: Not usable outside of PowerShell
[0.247s] DEBUG:colcon.colcon_core.shell:Skip shell extension 'dsv' for command environment
[0.250s] INFO:colcon.colcon_ros.task.ament_cmake.build:Building ROS package in '/home/sjk/DISSERTATION/ROS2_WS/src/mobile/clearpath_common/clearpath_mounts_description' with build type 'ament_cmake'
[0.251s] INFO:colcon.colcon_cmake.task.cmake.build:Building CMake package in '/home/sjk/DISSERTATION/ROS2_WS/src/mobile/clearpath_common/clearpath_mounts_description'
[0.251s] INFO:colcon.colcon_core.shell:Skip shell extension 'powershell' for command environment: Not usable outside of PowerShell
[0.251s] DEBUG:colcon.colcon_core.shell:Skip shell extension 'dsv' for command environment
[0.254s] INFO:colcon.colcon_ros.task.ament_cmake.build:Building ROS package in '/home/sjk/DISSERTATION/ROS2_WS/src/mobile/clearpath_common/clearpath_platform_description' with build type 'ament_cmake'
[0.254s] INFO:colcon.colcon_cmake.task.cmake.build:Building CMake package in '/home/sjk/DISSERTATION/ROS2_WS/src/mobile/clearpath_common/clearpath_platform_description'
[0.255s] INFO:colcon.colcon_core.shell:Skip shell extension 'powershell' for command environment: Not usable outside of PowerShell
[0.255s] DEBUG:colcon.colcon_core.shell:Skip shell extension 'dsv' for command environment
[0.258s] INFO:colcon.colcon_ros.task.ament_cmake.build:Building ROS package in '/home/sjk/DISSERTATION/ROS2_WS/src/mobile/clearpath_common/clearpath_sensors_description' with build type 'ament_cmake'
[0.258s] INFO:colcon.colcon_cmake.task.cmake.build:Building CMake package in '/home/sjk/DISSERTATION/ROS2_WS/src/mobile/clearpath_common/clearpath_sensors_description'
[0.258s] INFO:colcon.colcon_core.shell:Skip shell extension 'powershell' for command environment: Not usable outside of PowerShell
[0.258s] DEBUG:colcon.colcon_core.shell:Skip shell extension 'dsv' for command environment
[0.262s] INFO:colcon.colcon_ros.task.ament_cmake.build:Building ROS package in '/home/sjk/DISSERTATION/ROS2_WS/src/mobile/clearpath_common/clearpath_diagnostics' with build type 'ament_cmake'
[0.262s] INFO:colcon.colcon_cmake.task.cmake.build:Building CMake package in '/home/sjk/DISSERTATION/ROS2_WS/src/mobile/clearpath_common/clearpath_diagnostics'
[0.262s] INFO:colcon.colcon_core.shell:Skip shell extension 'powershell' for command environment: Not usable outside of PowerShell
[0.262s] DEBUG:colcon.colcon_core.shell:Skip shell extension 'dsv' for command environment
[0.266s] INFO:colcon.colcon_ros.task.ament_cmake.build:Building ROS package in '/home/sjk/DISSERTATION/ROS2_WS/src/mobile/clearpath_common/clearpath_ros2_control/clearpath_bms_broadcaster' with build type 'ament_cmake'
[0.266s] INFO:colcon.colcon_cmake.task.cmake.build:Building CMake package in '/home/sjk/DISSERTATION/ROS2_WS/src/mobile/clearpath_common/clearpath_ros2_control/clearpath_bms_broadcaster'
[0.266s] INFO:colcon.colcon_core.shell:Skip shell extension 'powershell' for command environment: Not usable outside of PowerShell
[0.266s] DEBUG:colcon.colcon_core.shell:Skip shell extension 'dsv' for command environment
[0.269s] INFO:colcon.colcon_ros.task.ament_cmake.build:Building ROS package in '/home/sjk/DISSERTATION/ROS2_WS/src/mobile/clearpath_common/clearpath_customization' with build type 'ament_cmake'
[0.269s] INFO:colcon.colcon_cmake.task.cmake.build:Building CMake package in '/home/sjk/DISSERTATION/ROS2_WS/src/mobile/clearpath_common/clearpath_customization'
[0.270s] INFO:colcon.colcon_core.shell:Skip shell extension 'powershell' for command environment: Not usable outside of PowerShell
[0.270s] DEBUG:colcon.colcon_core.shell:Skip shell extension 'dsv' for command environment
[0.278s] DEBUG:colcon.colcon_core.event_handler.log_command:Invoking command in '/home/sjk/DISSERTATION/ROS2_WS/build/clearpath_manipulators_description': CMAKE_PREFIX_PATH=${CMAKE_PREFIX_PATH}:/opt/ros/jazzy DEBUGINFOD_URLS=https://debuginfod.ubuntu.com /usr/bin/cmake /home/sjk/DISSERTATION/ROS2_WS/src/mobile/clearpath_common/clearpath_manipulators_description -DAMENT_CMAKE_SYMLINK_INSTALL=1 -DCMAKE_INSTALL_PREFIX=/home/sjk/DISSERTATION/ROS2_WS/install/clearpath_manipulators_description
[0.526s] INFO:colcon.colcon_core.task.python.build:Building Python package in '/home/sjk/DISSERTATION/ROS2_WS/src/mobile/clearpath_common/clearpath_bt_joy'
[0.526s] INFO:colcon.colcon_core.shell:Skip shell extension 'powershell' for command environment: Not usable outside of PowerShell
[0.526s] DEBUG:colcon.colcon_core.shell:Skip shell extension 'dsv' for command environment
[0.532s] DEBUG:colcon.colcon_core.event_handler.log_command:Invoking command in '/home/sjk/DISSERTATION/ROS2_WS/build/clearpath_mounts_description': CMAKE_PREFIX_PATH=${CMAKE_PREFIX_PATH}:/opt/ros/jazzy DEBUGINFOD_URLS=https://debuginfod.ubuntu.com /usr/bin/cmake /home/sjk/DISSERTATION/ROS2_WS/src/mobile/clearpath_common/clearpath_mounts_description -DAMENT_CMAKE_SYMLINK_INSTALL=1 -DCMAKE_INSTALL_PREFIX=/home/sjk/DISSERTATION/ROS2_WS/install/clearpath_mounts_description
[0.533s] DEBUG:colcon.colcon_core.event_handler.log_command:Invoking command in '/home/sjk/DISSERTATION/ROS2_WS/build/clearpath_platform_description': CMAKE_PREFIX_PATH=${CMAKE_PREFIX_PATH}:/opt/ros/jazzy DEBUGINFOD_URLS=https://debuginfod.ubuntu.com /usr/bin/cmake /home/sjk/DISSERTATION/ROS2_WS/src/mobile/clearpath_common/clearpath_platform_description -DAMENT_CMAKE_SYMLINK_INSTALL=1 -DCMAKE_INSTALL_PREFIX=/home/sjk/DISSERTATION/ROS2_WS/install/clearpath_platform_description
[0.534s] DEBUG:colcon.colcon_core.event_handler.log_command:Invoking command in '/home/sjk/DISSERTATION/ROS2_WS/build/clearpath_sensors_description': CMAKE_PREFIX_PATH=${CMAKE_PREFIX_PATH}:/opt/ros/jazzy DEBUGINFOD_URLS=https://debuginfod.ubuntu.com /usr/bin/cmake /home/sjk/DISSERTATION/ROS2_WS/src/mobile/clearpath_common/clearpath_sensors_description -DAMENT_CMAKE_SYMLINK_INSTALL=1 -DCMAKE_INSTALL_PREFIX=/home/sjk/DISSERTATION/ROS2_WS/install/clearpath_sensors_description
[0.540s] DEBUG:colcon.colcon_core.event_handler.log_command:Invoking command in '/home/sjk/DISSERTATION/ROS2_WS/build/clearpath_diagnostics': CMAKE_PREFIX_PATH=${CMAKE_PREFIX_PATH}:/opt/ros/jazzy DEBUGINFOD_URLS=https://debuginfod.ubuntu.com /usr/bin/cmake /home/sjk/DISSERTATION/ROS2_WS/src/mobile/clearpath_common/clearpath_diagnostics -DAMENT_CMAKE_SYMLINK_INSTALL=1 -DCMAKE_INSTALL_PREFIX=/home/sjk/DISSERTATION/ROS2_WS/install/clearpath_diagnostics
[0.545s] DEBUG:colcon.colcon_core.event_handler.log_command:Invoking command in '/home/sjk/DISSERTATION/ROS2_WS/build/clearpath_bms_broadcaster': CMAKE_PREFIX_PATH=${CMAKE_PREFIX_PATH}:/opt/ros/jazzy DEBUGINFOD_URLS=https://debuginfod.ubuntu.com /usr/bin/cmake /home/sjk/DISSERTATION/ROS2_WS/src/mobile/clearpath_common/clearpath_ros2_control/clearpath_bms_broadcaster -DAMENT_CMAKE_SYMLINK_INSTALL=1 -DCMAKE_INSTALL_PREFIX=/home/sjk/DISSERTATION/ROS2_WS/install/clearpath_bms_broadcaster
[0.559s] DEBUG:colcon.colcon_core.event_handler.log_command:Invoking command in '/home/sjk/DISSERTATION/ROS2_WS/build/clearpath_customization': CMAKE_PREFIX_PATH=${CMAKE_PREFIX_PATH}:/opt/ros/jazzy DEBUGINFOD_URLS=https://debuginfod.ubuntu.com /usr/bin/cmake /home/sjk/DISSERTATION/ROS2_WS/src/mobile/clearpath_common/clearpath_customization -DAMENT_CMAKE_SYMLINK_INSTALL=1 -DCMAKE_INSTALL_PREFIX=/home/sjk/DISSERTATION/ROS2_WS/install/clearpath_customization
[1.134s] DEBUG:colcon.colcon_core.event_handler.log_command:Invoked command in '/home/sjk/DISSERTATION/ROS2_WS/build/clearpath_bms_broadcaster' returned '1': CMAKE_PREFIX_PATH=${CMAKE_PREFIX_PATH}:/opt/ros/jazzy DEBUGINFOD_URLS=https://debuginfod.ubuntu.com /usr/bin/cmake /home/sjk/DISSERTATION/ROS2_WS/src/mobile/clearpath_common/clearpath_ros2_control/clearpath_bms_broadcaster -DAMENT_CMAKE_SYMLINK_INSTALL=1 -DCMAKE_INSTALL_PREFIX=/home/sjk/DISSERTATION/ROS2_WS/install/clearpath_bms_broadcaster
[1.151s] Level 1:colcon.colcon_core.environment:create_environment_scripts_only(clearpath_bms_broadcaster)
[1.158s] Level 1:colcon.colcon_core.environment:checking '/home/sjk/DISSERTATION/ROS2_WS/install/clearpath_bms_broadcaster' for CMake module files
[1.159s] Level 1:colcon.colcon_core.environment:checking '/home/sjk/DISSERTATION/ROS2_WS/install/clearpath_bms_broadcaster' for CMake config files
[1.160s] Level 1:colcon.colcon_core.environment:checking '/home/sjk/DISSERTATION/ROS2_WS/install/clearpath_bms_broadcaster/bin'
[1.160s] Level 1:colcon.colcon_core.environment:checking '/home/sjk/DISSERTATION/ROS2_WS/install/clearpath_bms_broadcaster/lib/pkgconfig/clearpath_bms_broadcaster.pc'
[1.160s] Level 1:colcon.colcon_core.environment:checking '/home/sjk/DISSERTATION/ROS2_WS/install/clearpath_bms_broadcaster/lib/python3.12/site-packages'
[1.161s] Level 1:colcon.colcon_core.environment:checking '/home/sjk/DISSERTATION/ROS2_WS/install/clearpath_bms_broadcaster/bin'
[1.161s] INFO:colcon.colcon_core.shell:Creating package script '/home/sjk/DISSERTATION/ROS2_WS/install/clearpath_bms_broadcaster/share/clearpath_bms_broadcaster/package.ps1'
[1.163s] INFO:colcon.colcon_core.shell:Creating package descriptor '/home/sjk/DISSERTATION/ROS2_WS/install/clearpath_bms_broadcaster/share/clearpath_bms_broadcaster/package.dsv'
[1.164s] INFO:colcon.colcon_core.shell:Creating package script '/home/sjk/DISSERTATION/ROS2_WS/install/clearpath_bms_broadcaster/share/clearpath_bms_broadcaster/package.sh'
[1.165s] INFO:colcon.colcon_core.shell:Creating package script '/home/sjk/DISSERTATION/ROS2_WS/install/clearpath_bms_broadcaster/share/clearpath_bms_broadcaster/package.bash'
[1.167s] INFO:colcon.colcon_core.shell:Creating package script '/home/sjk/DISSERTATION/ROS2_WS/install/clearpath_bms_broadcaster/share/clearpath_bms_broadcaster/package.zsh'
[1.168s] Level 1:colcon.colcon_core.environment:create_file_with_runtime_dependencies(/home/sjk/DISSERTATION/ROS2_WS/install/clearpath_bms_broadcaster/share/colcon-core/packages/clearpath_bms_broadcaster)
[2.018s] DEBUG:colcon.colcon_parallel_executor.executor.parallel:closing loop
[2.019s] DEBUG:colcon.colcon_parallel_executor.executor.parallel:loop closed
[2.019s] DEBUG:colcon.colcon_parallel_executor.executor.parallel:run_until_complete finished with '1'
[2.019s] DEBUG:colcon.colcon_core.event_reactor:joining thread
[2.030s] INFO:colcon.colcon_core.plugin_system:Skipping extension 'colcon_notification.desktop_notification.terminal_notifier': Not used on non-Darwin systems
[2.030s] INFO:colcon.colcon_core.plugin_system:Skipping extension 'colcon_notification.desktop_notification.win32': Not used on non-Windows systems
[2.030s] INFO:colcon.colcon_notification.desktop_notification:Sending desktop notification using 'notify2'
[2.052s] DEBUG:colcon.colcon_core.event_reactor:joined thread
[2.053s] INFO:colcon.colcon_core.shell:Creating prefix script '/home/sjk/DISSERTATION/ROS2_WS/install/local_setup.ps1'
[2.055s] INFO:colcon.colcon_core.shell:Creating prefix util module '/home/sjk/DISSERTATION/ROS2_WS/install/_local_setup_util_ps1.py'
[2.057s] INFO:colcon.colcon_core.shell:Creating prefix chain script '/home/sjk/DISSERTATION/ROS2_WS/install/setup.ps1'
[2.060s] INFO:colcon.colcon_core.shell:Creating prefix script '/home/sjk/DISSERTATION/ROS2_WS/install/local_setup.sh'
[2.061s] INFO:colcon.colcon_core.shell:Creating prefix util module '/home/sjk/DISSERTATION/ROS2_WS/install/_local_setup_util_sh.py'
[2.062s] INFO:colcon.colcon_core.shell:Creating prefix chain script '/home/sjk/DISSERTATION/ROS2_WS/install/setup.sh'
[2.064s] INFO:colcon.colcon_core.shell:Creating prefix script '/home/sjk/DISSERTATION/ROS2_WS/install/local_setup.bash'
[2.065s] INFO:colcon.colcon_core.shell:Creating prefix chain script '/home/sjk/DISSERTATION/ROS2_WS/install/setup.bash'
[2.067s] INFO:colcon.colcon_core.shell:Creating prefix script '/home/sjk/DISSERTATION/ROS2_WS/install/local_setup.zsh'
[2.068s] INFO:colcon.colcon_core.shell:Creating prefix chain script '/home/sjk/DISSERTATION/ROS2_WS/install/setup.zsh'
