[0.632s] Invoking command in '/home/sjk/DISSERTATION/build/franka_description': CMAKE_PREFIX_PATH=${CMAKE_PREFIX_PATH}:/opt/ros/jazzy DEBUGINFOD_URLS=https://debuginfod.ubuntu.com /usr/bin/cmake /home/sjk/DISSERTATION/robot_dataset/manipulators/franka_description -DCMAKE_INSTALL_PREFIX=/home/sjk/DISSERTATION/install/franka_description
[2.103s] -- The C compiler identification is GNU 13.3.0
[2.104s] -- The CXX compiler identification is GNU 13.3.0
[2.104s] -- Detecting C compiler ABI info
[2.107s] -- Detecting C compiler ABI info - done
[2.107s] -- Check for working C compiler: /usr/bin/cc - skipped
[2.108s] -- Detecting C compile features
[2.108s] -- Detecting C compile features - done
[2.108s] -- Detecting CXX compiler ABI info
[2.108s] -- Detecting CXX compiler ABI info - done
[2.109s] -- Check for working CXX compiler: /usr/bin/c++ - skipped
[2.109s] -- Detecting CXX compile features
[2.109s] -- Detecting CXX compile features - done
[2.109s] -- Found ament_cmake: 2.5.6 (/opt/ros/jazzy/share/ament_cmake/cmake)
[2.469s] -- Found Python3: /usr/bin/python3 (found version "3.12.3") found components: Interpreter 
[2.719s] -- Found ament_lint_auto: 0.17.5 (/opt/ros/jazzy/share/ament_lint_auto/cmake)
[3.873s] -- Added test 'copyright' to check source files copyright and LICENSE
[3.950s] -- Added test 'flake8' to check Python code syntax and style conventions
[3.950s] -- Configured 'flake8' exclude dirs and/or files: 
[3.960s] -- Added test 'lint_cmake' to check CMake code style
[3.965s] -- Added test 'pep257' to check Python code against some of the docstring style conventions in PEP 257
[4.006s] -- Added test 'xmllint' to check XML markup files
[4.009s] -- Configuring done (3.4s)
[4.016s] -- Generating done (0.0s)
[4.020s] -- Build files have been written to: /home/sjk/DISSERTATION/build/franka_description
